2023-04-25 09:56:08,039 [main] INFO  c.h.e.EmployeeManagementApplication                : Starting EmployeeManagementApplication using Java 17.0.6 on sahil with PID 2004 (C:\Users\sahil\OneDrive\Desktop\mainRepo\employee\build\classes\java\main started by sahil in C:\Users\sahil\OneDrive\Desktop\mainRepo\employee)
2023-04-25 09:56:08,055 [main] DEBUG c.h.e.EmployeeManagementApplication                : Running with Spring Boot v2.7.11, Spring v5.3.27
2023-04-25 09:56:08,055 [main] INFO  c.h.e.EmployeeManagementApplication                : No active profile set, falling back to 1 default profile: "default"
2023-04-25 09:56:08,980 [main] INFO  o.s.d.r.c.RepositoryConfigurationDelegate          : Bootstrapping Spring Data JPA repositories in DEFAULT mode.
2023-04-25 09:56:09,060 [main] INFO  o.s.d.r.c.RepositoryConfigurationDelegate          : Finished Spring Data repository scanning in 61 ms. Found 1 JPA repository interfaces.
2023-04-25 09:56:09,844 [main] INFO  o.s.b.w.embedded.tomcat.TomcatWebServer            : Tomcat initialized with port(s): 6065 (https)
2023-04-25 09:56:09,856 [main] INFO  org.apache.catalina.core.StandardService           : Starting service [Tomcat]
2023-04-25 09:56:09,856 [main] INFO  org.apache.catalina.core.StandardEngine            : Starting Servlet engine: [Apache Tomcat/9.0.74]
2023-04-25 09:56:09,992 [main] INFO  o.a.c.c.C.[Tomcat].[localhost].[/]                 : Initializing Spring embedded WebApplicationContext
2023-04-25 09:56:09,993 [main] INFO  o.s.b.w.s.c.ServletWebServerApplicationContext     : Root WebApplicationContext: initialization completed in 1795 ms
2023-04-25 09:56:10,148 [main] INFO  o.hibernate.jpa.internal.util.LogHelper            : HHH000204: Processing PersistenceUnitInfo [name: default]
2023-04-25 09:56:10,243 [main] INFO  org.hibernate.Version                              : HHH000412: Hibernate ORM core version 5.6.15.Final
2023-04-25 09:56:10,462 [main] INFO  org.hibernate.annotations.common.Version           : HCANN000001: Hibernate Commons Annotations {5.1.2.Final}
2023-04-25 09:56:10,605 [main] INFO  com.zaxxer.hikari.HikariDataSource                 : HikariPool-1 - Starting...
2023-04-25 09:56:12,876 [main] INFO  com.zaxxer.hikari.HikariDataSource                 : HikariPool-1 - Start completed.
2023-04-25 09:56:12,911 [main] INFO  org.hibernate.dialect.Dialect                      : HHH000400: Using dialect: org.hibernate.dialect.MySQL8Dialect
2023-04-25 09:56:14,132 [main] INFO  o.h.e.t.j.p.i.JtaPlatformInitiator                 : HHH000490: Using JtaPlatform implementation: [org.hibernate.engine.transaction.jta.platform.internal.NoJtaPlatform]
2023-04-25 09:56:14,142 [main] INFO  o.s.o.j.LocalContainerEntityManagerFactoryBean     : Initialized JPA EntityManagerFactory for persistence unit 'default'
2023-04-25 09:56:14,456 [main] WARN  o.s.b.a.o.j.JpaBaseConfiguration$JpaWebConfiguration : spring.jpa.open-in-view is enabled by default. Therefore, database queries may be performed during view rendering. Explicitly configure spring.jpa.open-in-view to disable this warning
2023-04-25 09:56:15,159 [main] INFO  o.a.t.util.net.NioEndpoint.certificate             : Connector [https-jsse-nio-6065], TLS virtual host [_default_], certificate type [UNDEFINED] configured from [file:/C:/Users/sahil/OneDrive/Desktop/mainRepo/employee/build/resources/main/mykeystore.jks] using alias [selfsigned] and with trust store [null]
2023-04-25 09:56:15,182 [main] INFO  o.s.b.w.embedded.tomcat.TomcatWebServer            : Tomcat started on port(s): 6065 (https) with context path ''
2023-04-25 09:56:15,193 [main] INFO  c.h.e.EmployeeManagementApplication                : Started EmployeeManagementApplication in 7.728 seconds (JVM running for 8.355)
2023-04-25 11:00:52,024 [Test worker] INFO  c.h.e.EmployeeManagementApplicationTests           : Starting EmployeeManagementApplicationTests using Java 17.0.6 on sahil with PID 3992 (started by sahil in C:\Users\sahil\OneDrive\Desktop\mainRepo\employee)
2023-04-25 11:00:52,026 [Test worker] DEBUG c.h.e.EmployeeManagementApplicationTests           : Running with Spring Boot v2.7.11, Spring v5.3.27
2023-04-25 11:00:52,027 [Test worker] INFO  c.h.e.EmployeeManagementApplicationTests           : No active profile set, falling back to 1 default profile: "default"
2023-04-25 11:00:53,147 [Test worker] INFO  o.s.d.r.c.RepositoryConfigurationDelegate          : Bootstrapping Spring Data JPA repositories in DEFAULT mode.
2023-04-25 11:00:53,220 [Test worker] INFO  o.s.d.r.c.RepositoryConfigurationDelegate          : Finished Spring Data repository scanning in 61 ms. Found 1 JPA repository interfaces.
2023-04-25 11:00:53,938 [Test worker] INFO  o.hibernate.jpa.internal.util.LogHelper            : HHH000204: Processing PersistenceUnitInfo [name: default]
2023-04-25 11:00:54,029 [Test worker] INFO  org.hibernate.Version                              : HHH000412: Hibernate ORM core version 5.6.15.Final
2023-04-25 11:00:54,261 [Test worker] INFO  org.hibernate.annotations.common.Version           : HCANN000001: Hibernate Commons Annotations {5.1.2.Final}
2023-04-25 11:00:54,426 [Test worker] INFO  com.zaxxer.hikari.HikariDataSource                 : HikariPool-1 - Starting...
2023-04-25 11:00:54,855 [Test worker] INFO  com.zaxxer.hikari.HikariDataSource                 : HikariPool-1 - Start completed.
2023-04-25 11:00:54,897 [Test worker] INFO  org.hibernate.dialect.Dialect                      : HHH000400: Using dialect: org.hibernate.dialect.MySQL8Dialect
2023-04-25 11:00:55,946 [Test worker] INFO  o.h.e.t.j.p.i.JtaPlatformInitiator                 : HHH000490: Using JtaPlatform implementation: [org.hibernate.engine.transaction.jta.platform.internal.NoJtaPlatform]
2023-04-25 11:00:55,958 [Test worker] INFO  o.s.o.j.LocalContainerEntityManagerFactoryBean     : Initialized JPA EntityManagerFactory for persistence unit 'default'
2023-04-25 11:00:56,571 [Test worker] WARN  o.s.b.a.o.j.JpaBaseConfiguration$JpaWebConfiguration : spring.jpa.open-in-view is enabled by default. Therefore, database queries may be performed during view rendering. Explicitly configure spring.jpa.open-in-view to disable this warning
2023-04-25 11:00:57,328 [Test worker] INFO  c.h.e.EmployeeManagementApplicationTests           : Started EmployeeManagementApplicationTests in 5.788 seconds (JVM running for 7.449)
2023-04-25 11:00:57,602 [Test worker] INFO  o.s.b.t.c.SpringBootTestContextBootstrapper        : Neither @ContextConfiguration nor @ContextHierarchy found for test class [com.hdfc.employee.testing.EmployeeServiceTest], using SpringBootContextLoader
2023-04-25 11:00:57,603 [Test worker] INFO  o.s.t.c.support.AbstractContextLoader              : Could not detect default resource locations for test class [com.hdfc.employee.testing.EmployeeServiceTest]: no resource found for suffixes {-context.xml, Context.groovy}.
2023-04-25 11:00:57,604 [Test worker] INFO  o.s.t.c.s.AnnotationConfigContextLoaderUtils       : Could not detect default configuration classes for test class [com.hdfc.employee.testing.EmployeeServiceTest]: EmployeeServiceTest does not declare any static, non-private, non-final, nested classes annotated with @Configuration.
2023-04-25 11:00:57,613 [Test worker] INFO  o.s.b.t.c.SpringBootTestContextBootstrapper        : Found @SpringBootConfiguration com.hdfc.employee.EmployeeManagementApplication for test class com.hdfc.employee.testing.EmployeeServiceTest
2023-04-25 11:00:57,615 [Test worker] INFO  o.s.b.t.c.SpringBootTestContextBootstrapper        : Loaded default TestExecutionListener class names from location [META-INF/spring.factories]: [org.springframework.boot.test.autoconfigure.restdocs.RestDocsTestExecutionListener, org.springframework.boot.test.autoconfigure.web.client.MockRestServiceServerResetTestExecutionListener, org.springframework.boot.test.autoconfigure.web.servlet.MockMvcPrintOnlyOnFailureTestExecutionListener, org.springframework.boot.test.autoconfigure.web.servlet.WebDriverTestExecutionListener, org.springframework.boot.test.autoconfigure.webservices.client.MockWebServiceServerTestExecutionListener, org.springframework.boot.test.mock.mockito.MockitoTestExecutionListener, org.springframework.boot.test.mock.mockito.ResetMocksTestExecutionListener, org.springframework.test.context.web.ServletTestExecutionListener, org.springframework.test.context.support.DirtiesContextBeforeModesTestExecutionListener, org.springframework.test.context.event.ApplicationEventsTestExecutionListener, org.springframework.test.context.support.DependencyInjectionTestExecutionListener, org.springframework.test.context.support.DirtiesContextTestExecutionListener, org.springframework.test.context.transaction.TransactionalTestExecutionListener, org.springframework.test.context.jdbc.SqlScriptsTestExecutionListener, org.springframework.test.context.event.EventPublishingTestExecutionListener]
2023-04-25 11:00:57,615 [Test worker] INFO  o.s.b.t.c.SpringBootTestContextBootstrapper        : Using TestExecutionListeners: [org.springframework.test.context.web.ServletTestExecutionListener@296949c8, org.springframework.test.context.support.DirtiesContextBeforeModesTestExecutionListener@1be3a294, org.springframework.test.context.event.ApplicationEventsTestExecutionListener@33502cfe, org.springframework.boot.test.mock.mockito.MockitoTestExecutionListener@729d1428, org.springframework.boot.test.autoconfigure.SpringBootDependencyInjectionTestExecutionListener@115924ba, org.springframework.test.context.support.DirtiesContextTestExecutionListener@1728d307, org.springframework.test.context.transaction.TransactionalTestExecutionListener@252d2ac0, org.springframework.test.context.jdbc.SqlScriptsTestExecutionListener@3f0b5619, org.springframework.test.context.event.EventPublishingTestExecutionListener@67afc9b6, org.springframework.boot.test.autoconfigure.restdocs.RestDocsTestExecutionListener@36ce9eaf, org.springframework.boot.test.autoconfigure.web.client.MockRestServiceServerResetTestExecutionListener@7a79d99c, org.springframework.boot.test.autoconfigure.web.servlet.MockMvcPrintOnlyOnFailureTestExecutionListener@1f27f354, org.springframework.boot.test.autoconfigure.web.servlet.WebDriverTestExecutionListener@6dc7b7f, org.springframework.boot.test.autoconfigure.webservices.client.MockWebServiceServerTestExecutionListener@4425b6ed, org.springframework.boot.test.mock.mockito.ResetMocksTestExecutionListener@702432cc]
2023-04-25 11:00:57,728 [SpringApplicationShutdownHook] INFO  o.s.o.j.LocalContainerEntityManagerFactoryBean     : Closing JPA EntityManagerFactory for persistence unit 'default'
2023-04-25 11:00:57,730 [SpringApplicationShutdownHook] INFO  com.zaxxer.hikari.HikariDataSource                 : HikariPool-1 - Shutdown initiated...
2023-04-25 11:00:57,744 [SpringApplicationShutdownHook] INFO  com.zaxxer.hikari.HikariDataSource                 : HikariPool-1 - Shutdown completed.
2023-04-25 15:17:10,076 [main] INFO  c.h.e.EmployeeManagementApplication                : Starting EmployeeManagementApplication using Java 17.0.6 on sahil with PID 14996 (C:\Users\sahil\OneDrive\Desktop\mainRepo\employee\build\classes\java\main started by sahil in C:\Users\sahil\OneDrive\Desktop\mainRepo\employee)
2023-04-25 15:17:10,079 [main] DEBUG c.h.e.EmployeeManagementApplication                : Running with Spring Boot v2.7.11, Spring v5.3.27
2023-04-25 15:17:10,080 [main] INFO  c.h.e.EmployeeManagementApplication                : No active profile set, falling back to 1 default profile: "default"
2023-04-25 15:17:10,978 [main] INFO  o.s.d.r.c.RepositoryConfigurationDelegate          : Bootstrapping Spring Data JPA repositories in DEFAULT mode.
2023-04-25 15:17:11,105 [main] INFO  o.s.d.r.c.RepositoryConfigurationDelegate          : Finished Spring Data repository scanning in 85 ms. Found 1 JPA repository interfaces.
2023-04-25 15:17:12,077 [main] INFO  o.s.b.w.embedded.tomcat.TomcatWebServer            : Tomcat initialized with port(s): 6065 (https)
2023-04-25 15:17:12,095 [main] INFO  org.apache.catalina.core.StandardService           : Starting service [Tomcat]
2023-04-25 15:17:12,096 [main] INFO  org.apache.catalina.core.StandardEngine            : Starting Servlet engine: [Apache Tomcat/9.0.74]
2023-04-25 15:17:12,287 [main] INFO  o.a.c.c.C.[Tomcat].[localhost].[/]                 : Initializing Spring embedded WebApplicationContext
2023-04-25 15:17:12,288 [main] INFO  o.s.b.w.s.c.ServletWebServerApplicationContext     : Root WebApplicationContext: initialization completed in 2140 ms
2023-04-25 15:17:12,484 [main] INFO  o.hibernate.jpa.internal.util.LogHelper            : HHH000204: Processing PersistenceUnitInfo [name: default]
2023-04-25 15:17:12,563 [main] INFO  org.hibernate.Version                              : HHH000412: Hibernate ORM core version 5.6.15.Final
2023-04-25 15:17:12,784 [main] INFO  org.hibernate.annotations.common.Version           : HCANN000001: Hibernate Commons Annotations {5.1.2.Final}
2023-04-25 15:17:12,946 [main] INFO  com.zaxxer.hikari.HikariDataSource                 : HikariPool-1 - Starting...
2023-04-25 15:17:18,037 [main] INFO  com.zaxxer.hikari.HikariDataSource                 : HikariPool-1 - Start completed.
2023-04-25 15:17:18,085 [main] INFO  org.hibernate.dialect.Dialect                      : HHH000400: Using dialect: org.hibernate.dialect.MySQL8Dialect
2023-04-25 15:17:20,684 [main] INFO  o.h.e.t.j.p.i.JtaPlatformInitiator                 : HHH000490: Using JtaPlatform implementation: [org.hibernate.engine.transaction.jta.platform.internal.NoJtaPlatform]
2023-04-25 15:17:20,700 [main] INFO  o.s.o.j.LocalContainerEntityManagerFactoryBean     : Initialized JPA EntityManagerFactory for persistence unit 'default'
2023-04-25 15:17:21,174 [main] WARN  o.s.b.a.o.j.JpaBaseConfiguration$JpaWebConfiguration : spring.jpa.open-in-view is enabled by default. Therefore, database queries may be performed during view rendering. Explicitly configure spring.jpa.open-in-view to disable this warning
2023-04-25 15:17:21,912 [main] INFO  o.a.t.util.net.NioEndpoint.certificate             : Connector [https-jsse-nio-6065], TLS virtual host [_default_], certificate type [UNDEFINED] configured from [file:/C:/Users/sahil/OneDrive/Desktop/mainRepo/employee/build/resources/main/mykeystore.jks] using alias [selfsigned] and with trust store [null]
2023-04-25 15:17:21,955 [main] INFO  o.s.b.w.embedded.tomcat.TomcatWebServer            : Tomcat started on port(s): 6065 (https) with context path ''
2023-04-25 15:17:21,964 [main] INFO  c.h.e.EmployeeManagementApplication                : Started EmployeeManagementApplication in 12.608 seconds (JVM running for 13.235)
2023-04-25 15:18:29,345 [Test worker] INFO  c.h.e.EmployeeManagementApplicationTests           : Starting EmployeeManagementApplicationTests using Java 17.0.6 on sahil with PID 26112 (started by sahil in C:\Users\sahil\OneDrive\Desktop\mainRepo\employee)
2023-04-25 15:18:29,347 [Test worker] DEBUG c.h.e.EmployeeManagementApplicationTests           : Running with Spring Boot v2.7.11, Spring v5.3.27
2023-04-25 15:18:29,348 [Test worker] INFO  c.h.e.EmployeeManagementApplicationTests           : No active profile set, falling back to 1 default profile: "default"
2023-04-25 15:18:30,340 [Test worker] INFO  o.s.d.r.c.RepositoryConfigurationDelegate          : Bootstrapping Spring Data JPA repositories in DEFAULT mode.
2023-04-25 15:18:30,433 [Test worker] INFO  o.s.d.r.c.RepositoryConfigurationDelegate          : Finished Spring Data repository scanning in 76 ms. Found 1 JPA repository interfaces.
2023-04-25 15:18:31,206 [Test worker] INFO  o.hibernate.jpa.internal.util.LogHelper            : HHH000204: Processing PersistenceUnitInfo [name: default]
2023-04-25 15:18:31,271 [Test worker] INFO  org.hibernate.Version                              : HHH000412: Hibernate ORM core version 5.6.15.Final
2023-04-25 15:18:31,528 [Test worker] INFO  org.hibernate.annotations.common.Version           : HCANN000001: Hibernate Commons Annotations {5.1.2.Final}
2023-04-25 15:18:31,707 [Test worker] INFO  com.zaxxer.hikari.HikariDataSource                 : HikariPool-1 - Starting...
2023-04-25 15:18:32,248 [Test worker] INFO  com.zaxxer.hikari.HikariDataSource                 : HikariPool-1 - Start completed.
2023-04-25 15:18:32,284 [Test worker] INFO  org.hibernate.dialect.Dialect                      : HHH000400: Using dialect: org.hibernate.dialect.MySQL8Dialect
2023-04-25 15:18:33,887 [Test worker] INFO  o.h.e.t.j.p.i.JtaPlatformInitiator                 : HHH000490: Using JtaPlatform implementation: [org.hibernate.engine.transaction.jta.platform.internal.NoJtaPlatform]
2023-04-25 15:18:33,898 [Test worker] INFO  o.s.o.j.LocalContainerEntityManagerFactoryBean     : Initialized JPA EntityManagerFactory for persistence unit 'default'
2023-04-25 15:18:34,629 [Test worker] WARN  o.s.b.a.o.j.JpaBaseConfiguration$JpaWebConfiguration : spring.jpa.open-in-view is enabled by default. Therefore, database queries may be performed during view rendering. Explicitly configure spring.jpa.open-in-view to disable this warning
2023-04-25 15:18:35,612 [Test worker] INFO  c.h.e.EmployeeManagementApplicationTests           : Started EmployeeManagementApplicationTests in 6.74 seconds (JVM running for 8.201)
2023-04-25 15:18:35,886 [Test worker] INFO  o.s.b.t.c.SpringBootTestContextBootstrapper        : Neither @ContextConfiguration nor @ContextHierarchy found for test class [com.hdfc.employee.testing.EmployeeServiceTest], using SpringBootContextLoader
2023-04-25 15:18:35,887 [Test worker] INFO  o.s.t.c.support.AbstractContextLoader              : Could not detect default resource locations for test class [com.hdfc.employee.testing.EmployeeServiceTest]: no resource found for suffixes {-context.xml, Context.groovy}.
2023-04-25 15:18:35,887 [Test worker] INFO  o.s.t.c.s.AnnotationConfigContextLoaderUtils       : Could not detect default configuration classes for test class [com.hdfc.employee.testing.EmployeeServiceTest]: EmployeeServiceTest does not declare any static, non-private, non-final, nested classes annotated with @Configuration.
2023-04-25 15:18:35,896 [Test worker] INFO  o.s.b.t.c.SpringBootTestContextBootstrapper        : Found @SpringBootConfiguration com.hdfc.employee.EmployeeManagementApplication for test class com.hdfc.employee.testing.EmployeeServiceTest
2023-04-25 15:18:35,899 [Test worker] INFO  o.s.b.t.c.SpringBootTestContextBootstrapper        : Loaded default TestExecutionListener class names from location [META-INF/spring.factories]: [org.springframework.boot.test.autoconfigure.restdocs.RestDocsTestExecutionListener, org.springframework.boot.test.autoconfigure.web.client.MockRestServiceServerResetTestExecutionListener, org.springframework.boot.test.autoconfigure.web.servlet.MockMvcPrintOnlyOnFailureTestExecutionListener, org.springframework.boot.test.autoconfigure.web.servlet.WebDriverTestExecutionListener, org.springframework.boot.test.autoconfigure.webservices.client.MockWebServiceServerTestExecutionListener, org.springframework.boot.test.mock.mockito.MockitoTestExecutionListener, org.springframework.boot.test.mock.mockito.ResetMocksTestExecutionListener, org.springframework.test.context.web.ServletTestExecutionListener, org.springframework.test.context.support.DirtiesContextBeforeModesTestExecutionListener, org.springframework.test.context.event.ApplicationEventsTestExecutionListener, org.springframework.test.context.support.DependencyInjectionTestExecutionListener, org.springframework.test.context.support.DirtiesContextTestExecutionListener, org.springframework.test.context.transaction.TransactionalTestExecutionListener, org.springframework.test.context.jdbc.SqlScriptsTestExecutionListener, org.springframework.test.context.event.EventPublishingTestExecutionListener]
2023-04-25 15:18:35,900 [Test worker] INFO  o.s.b.t.c.SpringBootTestContextBootstrapper        : Using TestExecutionListeners: [org.springframework.test.context.web.ServletTestExecutionListener@33502cfe, org.springframework.test.context.support.DirtiesContextBeforeModesTestExecutionListener@729d1428, org.springframework.test.context.event.ApplicationEventsTestExecutionListener@115924ba, org.springframework.boot.test.mock.mockito.MockitoTestExecutionListener@1728d307, org.springframework.boot.test.autoconfigure.SpringBootDependencyInjectionTestExecutionListener@252d2ac0, org.springframework.test.context.support.DirtiesContextTestExecutionListener@3f0b5619, org.springframework.test.context.transaction.TransactionalTestExecutionListener@67afc9b6, org.springframework.test.context.jdbc.SqlScriptsTestExecutionListener@36ce9eaf, org.springframework.test.context.event.EventPublishingTestExecutionListener@7a79d99c, org.springframework.boot.test.autoconfigure.restdocs.RestDocsTestExecutionListener@1f27f354, org.springframework.boot.test.autoconfigure.web.client.MockRestServiceServerResetTestExecutionListener@6dc7b7f, org.springframework.boot.test.autoconfigure.web.servlet.MockMvcPrintOnlyOnFailureTestExecutionListener@4425b6ed, org.springframework.boot.test.autoconfigure.web.servlet.WebDriverTestExecutionListener@702432cc, org.springframework.boot.test.autoconfigure.webservices.client.MockWebServiceServerTestExecutionListener@5039c2cf, org.springframework.boot.test.mock.mockito.ResetMocksTestExecutionListener@355b4c34]
2023-04-25 15:18:38,462 [SpringApplicationShutdownHook] INFO  o.s.o.j.LocalContainerEntityManagerFactoryBean     : Closing JPA EntityManagerFactory for persistence unit 'default'
2023-04-25 15:18:38,465 [SpringApplicationShutdownHook] INFO  com.zaxxer.hikari.HikariDataSource                 : HikariPool-1 - Shutdown initiated...
2023-04-25 15:18:38,474 [SpringApplicationShutdownHook] INFO  com.zaxxer.hikari.HikariDataSource                 : HikariPool-1 - Shutdown completed.
2023-04-25 16:57:05,624 [main] INFO  c.h.e.EmployeeManagementApplication                : Starting EmployeeManagementApplication using Java 17.0.6 on sahil with PID 24224 (C:\Users\sahil\OneDrive\Desktop\mainRepo\employee\build\classes\java\main started by sahil in C:\Users\sahil\OneDrive\Desktop\mainRepo\employee)
2023-04-25 16:57:05,627 [main] DEBUG c.h.e.EmployeeManagementApplication                : Running with Spring Boot v2.7.11, Spring v5.3.27
2023-04-25 16:57:05,628 [main] INFO  c.h.e.EmployeeManagementApplication                : No active profile set, falling back to 1 default profile: "default"
2023-04-25 16:57:06,534 [main] INFO  o.s.d.r.c.RepositoryConfigurationDelegate          : Bootstrapping Spring Data JPA repositories in DEFAULT mode.
2023-04-25 16:57:06,773 [main] INFO  o.s.d.r.c.RepositoryConfigurationDelegate          : Finished Spring Data repository scanning in 200 ms. Found 1 JPA repository interfaces.
2023-04-25 16:57:07,581 [main] INFO  o.s.b.w.embedded.tomcat.TomcatWebServer            : Tomcat initialized with port(s): 6065 (https)
2023-04-25 16:57:07,596 [main] INFO  org.apache.catalina.core.StandardService           : Starting service [Tomcat]
2023-04-25 16:57:07,596 [main] INFO  org.apache.catalina.core.StandardEngine            : Starting Servlet engine: [Apache Tomcat/9.0.74]
2023-04-25 16:57:07,735 [main] INFO  o.a.c.c.C.[Tomcat].[localhost].[/]                 : Initializing Spring embedded WebApplicationContext
2023-04-25 16:57:07,735 [main] INFO  o.s.b.w.s.c.ServletWebServerApplicationContext     : Root WebApplicationContext: initialization completed in 2025 ms
2023-04-25 16:57:07,962 [main] INFO  o.hibernate.jpa.internal.util.LogHelper            : HHH000204: Processing PersistenceUnitInfo [name: default]
2023-04-25 16:57:08,037 [main] INFO  org.hibernate.Version                              : HHH000412: Hibernate ORM core version 5.6.15.Final
2023-04-25 16:57:08,269 [main] INFO  org.hibernate.annotations.common.Version           : HCANN000001: Hibernate Commons Annotations {5.1.2.Final}
2023-04-25 16:57:08,455 [main] INFO  com.zaxxer.hikari.HikariDataSource                 : HikariPool-1 - Starting...
2023-04-25 16:57:15,255 [main] INFO  com.zaxxer.hikari.HikariDataSource                 : HikariPool-1 - Start completed.
2023-04-25 16:57:15,296 [main] INFO  org.hibernate.dialect.Dialect                      : HHH000400: Using dialect: org.hibernate.dialect.MySQL8Dialect
2023-04-25 16:57:18,050 [main] INFO  o.h.e.t.j.p.i.JtaPlatformInitiator                 : HHH000490: Using JtaPlatform implementation: [org.hibernate.engine.transaction.jta.platform.internal.NoJtaPlatform]
2023-04-25 16:57:18,065 [main] INFO  o.s.o.j.LocalContainerEntityManagerFactoryBean     : Initialized JPA EntityManagerFactory for persistence unit 'default'
2023-04-25 16:57:18,379 [main] WARN  o.s.b.a.o.j.JpaBaseConfiguration$JpaWebConfiguration : spring.jpa.open-in-view is enabled by default. Therefore, database queries may be performed during view rendering. Explicitly configure spring.jpa.open-in-view to disable this warning
2023-04-25 16:57:18,989 [main] INFO  o.a.t.util.net.NioEndpoint.certificate             : Connector [https-jsse-nio-6065], TLS virtual host [_default_], certificate type [UNDEFINED] configured from [file:/C:/Users/sahil/OneDrive/Desktop/mainRepo/employee/build/resources/main/mykeystore.jks] using alias [selfsigned] and with trust store [null]
2023-04-25 16:57:19,089 [main] INFO  o.s.b.w.embedded.tomcat.TomcatWebServer            : Tomcat started on port(s): 6065 (https) with context path ''
2023-04-25 16:57:19,099 [main] INFO  c.h.e.EmployeeManagementApplication                : Started EmployeeManagementApplication in 14.08 seconds (JVM running for 14.655)
2023-04-25 16:58:21,872 [https-jsse-nio-6065-exec-2] INFO  o.a.c.c.C.[Tomcat].[localhost].[/]                 : Initializing Spring DispatcherServlet 'dispatcherServlet'
2023-04-25 16:58:21,872 [https-jsse-nio-6065-exec-2] INFO  o.s.web.servlet.DispatcherServlet                  : Initializing Servlet 'dispatcherServlet'
2023-04-25 16:58:21,874 [https-jsse-nio-6065-exec-2] INFO  o.s.web.servlet.DispatcherServlet                  : Completed initialization in 2 ms
2023-04-25 16:58:21,912 [https-jsse-nio-6065-exec-2] TRACE c.h.e.controller.EmployeeRestController            : Entering getEmployeeById() method.
2023-04-25 16:58:21,915 [https-jsse-nio-6065-exec-2] DEBUG c.h.e.controller.EmployeeRestController            : Checking the Employee With employeeId provided:-101
2023-04-25 16:58:22,431 [https-jsse-nio-6065-exec-2] INFO  c.h.e.controller.EmployeeRestController            : Employee Info Delivered.
