2023-04-27 16:22:40,055 [main] INFO  c.h.e.EmployeeManagementApplication                : Starting EmployeeManagementApplication using Java 17.0.6 on sahil with PID 16288 (C:\Users\sahil\OneDrive\Desktop\mainRepo\employee\build\classes\java\main started by sahil in C:\Users\sahil\OneDrive\Desktop\mainRepo\employee)
2023-04-27 16:22:40,070 [main] DEBUG c.h.e.EmployeeManagementApplication                : Running with Spring Boot v2.7.11, Spring v5.3.27
2023-04-27 16:22:40,072 [main] INFO  c.h.e.EmployeeManagementApplication                : No active profile set, falling back to 1 default profile: "default"
2023-04-27 16:22:41,458 [main] INFO  o.s.d.r.c.RepositoryConfigurationDelegate          : Bootstrapping Spring Data JPA repositories in DEFAULT mode.
2023-04-27 16:22:41,546 [main] INFO  o.s.d.r.c.RepositoryConfigurationDelegate          : Finished Spring Data repository scanning in 62 ms. Found 1 JPA repository interfaces.
2023-04-27 16:22:42,364 [main] INFO  o.s.b.w.embedded.tomcat.TomcatWebServer            : Tomcat initialized with port(s): 6065 (https)
2023-04-27 16:22:42,377 [main] INFO  org.apache.catalina.core.StandardService           : Starting service [Tomcat]
2023-04-27 16:22:42,378 [main] INFO  org.apache.catalina.core.StandardEngine            : Starting Servlet engine: [Apache Tomcat/9.0.74]
2023-04-27 16:22:42,531 [main] INFO  o.a.c.c.C.[Tomcat].[localhost].[/]                 : Initializing Spring embedded WebApplicationContext
2023-04-27 16:22:42,532 [main] INFO  o.s.b.w.s.c.ServletWebServerApplicationContext     : Root WebApplicationContext: initialization completed in 2347 ms
2023-04-27 16:22:42,737 [main] INFO  o.hibernate.jpa.internal.util.LogHelper            : HHH000204: Processing PersistenceUnitInfo [name: default]
2023-04-27 16:22:42,860 [main] INFO  org.hibernate.Version                              : HHH000412: Hibernate ORM core version 5.6.15.Final
2023-04-27 16:22:43,247 [main] INFO  org.hibernate.annotations.common.Version           : HCANN000001: Hibernate Commons Annotations {5.1.2.Final}
2023-04-27 16:22:43,458 [main] INFO  com.zaxxer.hikari.HikariDataSource                 : HikariPool-1 - Starting...
2023-04-27 16:23:16,298 [main] INFO  com.zaxxer.hikari.HikariDataSource                 : HikariPool-1 - Start completed.
2023-04-27 16:23:16,338 [main] INFO  org.hibernate.dialect.Dialect                      : HHH000400: Using dialect: org.hibernate.dialect.MySQL8Dialect
2023-04-27 16:23:44,382 [main] INFO  o.h.e.t.j.p.i.JtaPlatformInitiator                 : HHH000490: Using JtaPlatform implementation: [org.hibernate.engine.transaction.jta.platform.internal.NoJtaPlatform]
2023-04-27 16:23:44,401 [main] INFO  o.s.o.j.LocalContainerEntityManagerFactoryBean     : Initialized JPA EntityManagerFactory for persistence unit 'default'
2023-04-27 16:23:44,758 [main] WARN  o.s.b.a.o.j.JpaBaseConfiguration$JpaWebConfiguration : spring.jpa.open-in-view is enabled by default. Therefore, database queries may be performed during view rendering. Explicitly configure spring.jpa.open-in-view to disable this warning
2023-04-27 16:23:45,534 [main] INFO  o.a.t.util.net.NioEndpoint.certificate             : Connector [https-jsse-nio-6065], TLS virtual host [_default_], certificate type [UNDEFINED] configured from [file:/C:/Users/sahil/OneDrive/Desktop/mainRepo/employee/build/resources/main/mykeystore.jks] using alias [selfsigned] and with trust store [null]
2023-04-27 16:23:45,563 [main] INFO  o.s.b.w.embedded.tomcat.TomcatWebServer            : Tomcat started on port(s): 6065 (https) with context path ''
2023-04-27 16:23:45,576 [main] INFO  c.h.e.EmployeeManagementApplication                : Started EmployeeManagementApplication in 66.331 seconds (JVM running for 67.366)
