2023-04-28 06:11:40,193 [main] INFO  c.h.e.EmployeeManagementApplication                : Starting EmployeeManagementApplication using Java 17.0.6 on sahil with PID 3856 (C:\Users\sahil\OneDrive\Desktop\mainRepo\employee\build\classes\java\main started by sahil in C:\Users\sahil\OneDrive\Desktop\mainRepo\employee)
2023-04-28 06:11:40,235 [main] DEBUG c.h.e.EmployeeManagementApplication                : Running with Spring Boot v2.7.11, Spring v5.3.27
2023-04-28 06:11:40,237 [main] INFO  c.h.e.EmployeeManagementApplication                : No active profile set, falling back to 1 default profile: "default"
2023-04-28 06:11:42,835 [main] INFO  o.s.d.r.c.RepositoryConfigurationDelegate          : Bootstrapping Spring Data JPA repositories in DEFAULT mode.
2023-04-28 06:11:43,101 [main] INFO  o.s.d.r.c.RepositoryConfigurationDelegate          : Finished Spring Data repository scanning in 221 ms. Found 1 JPA repository interfaces.
2023-04-28 06:11:45,334 [main] INFO  o.s.b.w.embedded.tomcat.TomcatWebServer            : Tomcat initialized with port(s): 6065 (https)
2023-04-28 06:11:45,368 [main] INFO  org.apache.catalina.core.StandardService           : Starting service [Tomcat]
2023-04-28 06:11:45,369 [main] INFO  org.apache.catalina.core.StandardEngine            : Starting Servlet engine: [Apache Tomcat/9.0.74]
2023-04-28 06:11:45,788 [main] INFO  o.a.c.c.C.[Tomcat].[localhost].[/]                 : Initializing Spring embedded WebApplicationContext
2023-04-28 06:11:45,789 [main] INFO  o.s.b.w.s.c.ServletWebServerApplicationContext     : Root WebApplicationContext: initialization completed in 5316 ms
2023-04-28 06:11:46,256 [main] INFO  o.hibernate.jpa.internal.util.LogHelper            : HHH000204: Processing PersistenceUnitInfo [name: default]
2023-04-28 06:11:46,459 [main] INFO  org.hibernate.Version                              : HHH000412: Hibernate ORM core version 5.6.15.Final
2023-04-28 06:11:47,069 [main] INFO  org.hibernate.annotations.common.Version           : HCANN000001: Hibernate Commons Annotations {5.1.2.Final}
2023-04-28 06:11:47,438 [main] INFO  com.zaxxer.hikari.HikariDataSource                 : HikariPool-1 - Starting...
2023-04-28 06:11:48,568 [main] INFO  com.zaxxer.hikari.HikariDataSource                 : HikariPool-1 - Start completed.
2023-04-28 06:11:48,683 [main] INFO  org.hibernate.dialect.Dialect                      : HHH000400: Using dialect: org.hibernate.dialect.MySQL8Dialect
2023-04-28 06:11:50,920 [main] INFO  o.h.e.t.j.p.i.JtaPlatformInitiator                 : HHH000490: Using JtaPlatform implementation: [org.hibernate.engine.transaction.jta.platform.internal.NoJtaPlatform]
2023-04-28 06:11:50,954 [main] INFO  o.s.o.j.LocalContainerEntityManagerFactoryBean     : Initialized JPA EntityManagerFactory for persistence unit 'default'
2023-04-28 06:11:51,806 [main] WARN  o.s.b.a.o.j.JpaBaseConfiguration$JpaWebConfiguration : spring.jpa.open-in-view is enabled by default. Therefore, database queries may be performed during view rendering. Explicitly configure spring.jpa.open-in-view to disable this warning
2023-04-28 06:11:53,659 [main] INFO  o.a.t.util.net.NioEndpoint.certificate             : Connector [https-jsse-nio-6065], TLS virtual host [_default_], certificate type [UNDEFINED] configured from [file:/C:/Users/sahil/OneDrive/Desktop/mainRepo/employee/build/resources/main/mykeystore.jks] using alias [selfsigned] and with trust store [null]
2023-04-28 06:11:53,729 [main] INFO  o.s.b.w.embedded.tomcat.TomcatWebServer            : Tomcat started on port(s): 6065 (https) with context path ''
2023-04-28 06:11:53,748 [main] INFO  c.h.e.EmployeeManagementApplication                : Started EmployeeManagementApplication in 15.28 seconds (JVM running for 16.876)
2023-04-28 06:14:11,202 [https-jsse-nio-6065-exec-6] INFO  o.a.c.c.C.[Tomcat].[localhost].[/]                 : Initializing Spring DispatcherServlet 'dispatcherServlet'
2023-04-28 06:14:11,203 [https-jsse-nio-6065-exec-6] INFO  o.s.web.servlet.DispatcherServlet                  : Initializing Servlet 'dispatcherServlet'
2023-04-28 06:14:11,206 [https-jsse-nio-6065-exec-6] INFO  o.s.web.servlet.DispatcherServlet                  : Completed initialization in 3 ms
2023-04-28 06:14:11,304 [https-jsse-nio-6065-exec-6] TRACE c.h.e.controller.EmployeeRestController            : Entering getEmployeeById() method.
2023-04-28 06:14:11,310 [https-jsse-nio-6065-exec-6] DEBUG c.h.e.controller.EmployeeRestController            : Checking the Employee With employeeId provided:-101
2023-04-28 06:14:11,924 [https-jsse-nio-6065-exec-6] INFO  c.h.e.controller.EmployeeRestController            : Employee Info Delivered.
2023-04-28 06:14:21,184 [https-jsse-nio-6065-exec-7] TRACE c.h.e.controller.EmployeeRestController            : Entering getEmployeeById() method.
2023-04-28 06:14:21,185 [https-jsse-nio-6065-exec-7] DEBUG c.h.e.controller.EmployeeRestController            : Checking the Employee With employeeId provided:-106
2023-04-28 06:14:21,197 [https-jsse-nio-6065-exec-7] ERROR c.h.e.controller.EmployeeRestController            : Employee not Found with employeeId 106 EmployeeNotFound Exception Thrown.
